<?xml version="1.0" encoding="UTF-8"?>
<!-- Generated by org.testng.reporters.JUnitReportReporter -->
<testsuite skipped="0" hostname="LaCompu" name="pruebaBuscador.TestBuscador" tests="1" failures="0" timestamp="2021-01-13T11:10:33 CST" time="10.497" errors="0">
  <testcase name="BusquedaBatman" time="10.497" classname="pruebaBuscador.TestBuscador"/>
  <system-out/>
</testsuite> <!-- pruebaBuscador.TestBuscador -->
